<?xml version="1.0" encoding="UTF-8"?>
<!-- Generated by org.testng.reporters.JUnitReportReporter -->
<testsuite hostname="DESKTOP-7BKDVGK" failures="0" tests="2" name="Automation_Testing.TestNG_FW_Design.ErrorValidation" time="35.206" errors="0" timestamp="2024-09-17T00:05:49 IST" skipped="0">
  <testcase classname="Automation_Testing.TestNG_FW_Design.ErrorValidation" name="ProductErrorValidation" time="26.325"/>
  <testcase classname="Automation_Testing.TestNG_FW_Design.ErrorValidation" name="LoginErrorValidation" time="8.881"/>
</testsuite> <!-- Automation_Testing.TestNG_FW_Design.ErrorValidation -->
