<?xml version="1.0" encoding="UTF-8"?>
<!-- Generated by org.testng.reporters.JUnitReportReporter -->
<testsuite hostname="DESKTOP-7BKDVGK" failures="0" tests="3" name="Automation_Testing.TestNG_FW_Design.SubmitOrder" time="44.916" errors="0" timestamp="2024-09-17T00:05:49 IST" skipped="0">
  <testcase classname="Automation_Testing.TestNG_FW_Design.SubmitOrder" name="OrderHistoryTest" time="22.145"/>
  <testcase classname="Automation_Testing.TestNG_FW_Design.SubmitOrder" name="submitOrder" time="11.449"/>
  <testcase classname="Automation_Testing.TestNG_FW_Design.SubmitOrder" name="submitOrder" time="11.322"/>
</testsuite> <!-- Automation_Testing.TestNG_FW_Design.SubmitOrder -->
