<?xml version="1.0" encoding="UTF-8"?>
<!-- Generated by org.testng.reporters.JUnitReportReporter -->
<testsuite hostname="DESKTOP-7BKDVGK" failures="0" tests="3" name="Automation_Testing.TestNG_FW_Design.SubmitOrder" time="38.182" errors="0" timestamp="2024-09-17T00:38:46 IST" skipped="0">
  <testcase classname="Automation_Testing.TestNG_FW_Design.SubmitOrder" name="OrderHistoryTest" time="4.676"/>
  <testcase classname="Automation_Testing.TestNG_FW_Design.SubmitOrder" name="submitOrder" time="17.485"/>
  <testcase classname="Automation_Testing.TestNG_FW_Design.SubmitOrder" name="submitOrder" time="16.021"/>
</testsuite> <!-- Automation_Testing.TestNG_FW_Design.SubmitOrder -->
