<?xml version="1.0" encoding="UTF-8"?>
<!-- Generated by org.testng.reporters.JUnitReportReporter -->
<testsuite hostname="DESKTOP-7BKDVGK" failures="0" tests="2" name="Automation_Testing.TestNG_FW_Design.ErrorValidation" time="30.724" errors="0" timestamp="2024-09-17T00:38:46 IST" skipped="0">
  <testcase classname="Automation_Testing.TestNG_FW_Design.ErrorValidation" name="LoginErrorValidation" time="14.019"/>
  <testcase classname="Automation_Testing.TestNG_FW_Design.ErrorValidation" name="ProductErrorValidation" time="16.705"/>
</testsuite> <!-- Automation_Testing.TestNG_FW_Design.ErrorValidation -->
